0.001, 1122698
0.559, 1106625
0.615, 1081932
0.640, 1060314
0.646, 1053255
0.664, 1045574
0.665, 1036210
0.665, 1028272
0.666, 1023643
0.666, 1020647
0.667, 1019587
0.667, 1019036
0.668, 1012693
0.671, 1011992
0.672, 1006395
0.673, 994931
0.674, 977491
0.674, 977236
0.675, 976336
0.676, 975890
0.678, 966079
0.678, 965860
0.680, 962645
0.686, 962311
0.688, 954591
0.688, 953281
0.694, 951615
0.696, 946166
0.707, 941260
0.710, 931082
0.719, 928095
0.720, 926108
0.720, 925746
0.730, 924676
0.734, 924176
0.746, 924030
0.753, 923820
0.756, 922801
0.760, 916427
0.762, 914125
0.849, 911925
0.886, 907879
1.080, 907169
