0.003, 68305
0.941, 67949
1.089, 67757
1.093, 67108
1.094, 67066
1.095, 66568
1.098, 66541
1.099, 66074
1.099, 65707
1.100, 65475
1.102, 64918
1.121, 64524
1.122, 64421
1.164, 63219
1.169, 62522
1.172, 62083
1.176, 61862
1.179, 60225
1.187, 60201
1.192, 59434
1.193, 59217
1.194, 59080
1.202, 58888
1.228, 58400
1.231, 58310
1.235, 58293
1.249, 57849
1.251, 57767
1.252, 57719
1.254, 57643
1.265, 57565
1.272, 57518
1.276, 57503
1.277, 56887
1.280, 56207
1.281, 56160
1.282, 55533
1.296, 54972
1.304, 54857
1.361, 54669
1.372, 54273
1.380, 53644
1.386, 53597
1.398, 53564
1.425, 53510
1.446, 53217
