0.003, 1989726
0.888, 1988415
0.888, 1975871
0.892, 1939873
0.893, 1933326
0.919, 1870259
0.922, 1851185
0.936, 1848255
0.944, 1843387
0.952, 1838391
0.960, 1833167
0.976, 1830981
0.978, 1830022
0.979, 1819710
0.981, 1818872
0.983, 1816229
0.984, 1814100
0.997, 1809556
1.005, 1808224
1.006, 1807706
1.007, 1805971
1.020, 1799192
1.032, 1796274
1.034, 1789921
1.057, 1706443
1.068, 1702559
1.126, 1701311
1.129, 1696575
1.131, 1696119
1.211, 1688744
1.249, 1678730
1.258, 1674866
1.274, 1618742
1.309, 1612751
1.403, 1605111
1.453, 1594388
