0.015, 1879023
0.019, 1869957
0.02, 1869781
0.023, 1860506
0.023, 1859643
0.026, 1854689
0.026, 1853826
0.03, 1847799
0.032, 1847718
0.042, 1847501
0.043, 1846638
0.655, 1840658
0.656, 1840482
0.656, 1831207
0.656, 1830344
1.306, 1809687
1.307, 1800621
1.307, 1800445
1.307, 1791170
1.307, 1790307
1.308, 1786644
1.308, 1785781
1.308, 1782472
1.309, 1782391
1.31, 1780872
1.31, 1780009
1.559, 1779561
1.559, 1778698
1.563, 1776445
1.564, 1775582
1.564, 1771919
1.564, 1771056
1.565, 1767747
1.565, 1767666
1.566, 1766147
1.567, 1765284
3.132, 1764958
3.132, 1764095
3.133, 1760432
3.133, 1759569
3.134, 1756260
3.134, 1756179
3.135, 1754660
3.135, 1753797
5.649, 1753372
5.65, 1749709
5.65, 1748846
5.65, 1745537
5.651, 1745456
5.652, 1743937
5.652, 1743074
85.692, 1742401
85.889, 1742352
107.313, 1741755
107.314, 1740892
107.509, 1740843
118.306, 1740612
118.306, 1740531
118.308, 1739012
118.309, 1738149
118.511, 1738100
140.417, 1728965
140.417, 1728102
140.418, 1724439
140.418, 1723576
140.419, 1720267
140.419, 1720186
140.42, 1718667
140.421, 1717804
140.617, 1717755
141.737, 1717155
141.738, 1713492
141.738, 1712629
141.739, 1709320
141.739, 1709239
141.74, 1707720
141.74, 1706857
141.94, 1706808
427.826, 1706673
427.826, 1705810
427.826, 1702147
427.827, 1701284
427.827, 1697975
427.828, 1697894
427.83, 1696375
427.83, 1695512
525.823, 1695384
