0.035, 773359
3.819, 771031
3.860, 769684
3.903, 769239
3.969, 767682
4.038, 766594
4.076, 766383
4.102, 765278
4.184, 765119
4.246, 763422
4.319, 762976
4.356, 762877
4.408, 762771
4.429, 762052
4.489, 761853
4.644, 756902
4.894, 755954
5.018, 755859
5.020, 755800
5.085, 754096
5.251, 753704
5.323, 753428
5.333, 753257
5.425, 751489
5.563, 751217
5.663, 750516
5.786, 750514
5.877, 744126
5.948, 743769
6.102, 743605
6.353, 743514
6.418, 743398
6.855, 742656
6.919, 742263
7.039, 741117
7.124, 740622
7.327, 740089
7.334, 739932
7.398, 739441
8.004, 734546
8.097, 734276
8.283, 733453
8.364, 733300
8.802, 732793
9.379, 732240
10.142, 732020
10.153, 731415
10.166, 730834
10.552, 730696
11.067, 730177
11.475, 729886
12.046, 729648
12.798, 727362
13.060, 721489
13.196, 720485
13.266, 720437
13.881, 720361
14.461, 719774
14.643, 718808
14.866, 718210
15.399, 717879
15.677, 717857
15.738, 717234
15.940, 716522
16.167, 714098
16.833, 714046
17.056, 713908
17.216, 713708
17.756, 713477
17.767, 713032
20.534, 712143
20.583, 711733
23.423, 710236
23.546, 708979
23.710, 706471
24.183, 705783
24.331, 705755
