0.009, 987442
1.454, 986485
1.456, 986450
1.515, 985544
1.516, 983523
1.535, 978299
1.549, 978208
1.597, 962807
1.609, 962296
1.611, 960400
1.643, 960202
1.651, 956704
1.664, 956183
1.665, 955463
1.667, 950724
1.706, 946343
1.715, 945943
1.732, 944711
1.736, 943100
1.755, 941378
1.760, 940262
1.780, 939922
1.802, 938956
1.813, 937592
1.816, 936159
1.830, 935220
1.853, 935056
1.870, 930501
1.899, 928256
1.936, 924150
1.941, 923831
1.957, 914664
2.007, 900191
2.018, 899634
2.189, 893028
2.221, 891400
2.255, 890562
2.259, 889129
2.289, 880136
2.300, 879199
2.382, 878324
2.390, 865313
2.458, 863158
2.485, 860361
2.546, 856118
2.607, 853561
2.648, 853521
2.657, 852515
2.660, 852287
2.898, 851891
2.941, 847976
4.587, 843510
4.880, 839816
5.183, 839701
