0.013, 1431248
2.290, 1430608
2.293, 1427915
2.368, 1425460
2.386, 1417299
2.402, 1416898
2.474, 1413615
2.477, 1413373
2.515, 1411854
2.583, 1411011
2.604, 1408550
2.616, 1407662
2.643, 1385010
2.690, 1328365
2.775, 1328295
2.781, 1328269
2.789, 1327849
2.794, 1327543
2.803, 1325589
2.829, 1324972
2.837, 1324420
2.885, 1323891
2.916, 1323713
2.921, 1321791
3.067, 1321619
3.133, 1321462
3.155, 1320809
3.189, 1320773
3.210, 1320593
3.219, 1320040
3.252, 1319814
3.272, 1319178
3.280, 1318450
3.288, 1313099
3.301, 1312878
3.311, 1312849
3.551, 1310501
3.674, 1303141
3.692, 1301163
3.768, 1292320
3.830, 1292103
3.942, 1291961
4.075, 1286672
4.142, 1286496
4.224, 1283842
4.325, 1282812
4.511, 1280102
4.772, 1279596
4.891, 1279342
4.938, 1277376
5.085, 1274950
5.420, 1274823
5.808, 1217410
6.038, 1217175
6.707, 1216968
