0.012, 173620
2.263, 171911
2.266, 171216
2.272, 170558
2.282, 169380
2.295, 169365
2.299, 169161
2.352, 168620
2.354, 168140
2.361, 167718
2.392, 167618
2.408, 166844
2.417, 164420
2.428, 163818
2.439, 161088
2.449, 160885
2.456, 160545
2.481, 159893
2.547, 159709
2.592, 158317
2.592, 155877
2.626, 154735
2.671, 152835
2.684, 152614
2.716, 152391
2.843, 152094
2.919, 151757
3.004, 150316
3.025, 150075
3.043, 149337
3.137, 147015
3.141, 145780
3.400, 144723
3.667, 144017
3.675, 143695
4.543, 143512
4.931, 143479
5.012, 143352
6.062, 143286
6.164, 142617
7.528, 142439
